# Hostname: yichi-thinkpad
# System Type: Linux
# Machine Type: x86_64
# Processor: x86_64
# Hostname: yichi-thinkpad
# System Type: Linux
# Machine Type: x86_64
# Processor: x86_64
# Number of MPI ranks: 1
#
# norb: 19
# nelec: (7, 7)
#
# n_eql: 3
# n_prop_steps: 50
# n_ene_blocks: 1
# n_sr_blocks: 5
# n_blocks: 10
# n_walkers: 10
# seed: 2
# walker_type: rhf
# trial: ccsd_pt
# dt: 0.005
# free_projection: False
# use_gpu: False
# n_exp_terms: 6
# orbital_rotation: True
# do_sr: True
# symmetry: False
# save_walkers: False
# ene0: 0.0
# n_batch: 1
# LNO: False
# orbE: 0
# maxError: 0.001
#
# Propagating with 10 walkers
# Equilibration sweeps:
#   Iter 	 <t> 	 	 <e0> 	 	 <e1> 	 	   energy 	 Walltime
      0 	 0.000000 	 8.491481 	 -0.276499 	   8.214982 	 3.86
      1 	 0.076379 	  8.227795 	 1.003514 	   8.212428 	 9.66
      2 	 0.074196 	  8.236245 	 0.967678 	   8.213535 	 16.19
      3 	 0.087082 	  8.189966 	 1.179818 	   8.211418 	 20.14
#
# Sampling sweeps:
#  Iter 	    energy 	 error 	 	 Walltime
     1 	 	  8.213074 	 0.000501 	  22.94
     2 	 	  8.213350 	 0.000380 	  23.33
     3 	 	  8.213474 	 0.000309 	  23.69
     4 	 	  8.213526 	 0.000217 	  24.07
     5 	 	  8.213831 	 0.000352 	  24.56
     6 	 	  8.213924 	 0.000318 	  25.05
     7 	 	  8.213840 	 0.000299 	  25.50
     8 	 	  8.214008 	 0.000311 	  25.93
     9 	 	  8.214011 	 0.000275 	  26.36
# Number of outliers in post: 0 
# Final Results:
# <e0> = <ehf> in PT theory
# h0 = -5.11207587
# <t> = 0.080634 +/- 0.001127
# <e0> = 8.213761 +/- 0.003391
# <e1> = 1.074769 +/- 0.018655
# AFQMC/CCSD_PT energy (covariance): 8.214011 +/- 0.000275
# remove outliers in direct sampling:  0
# AFQMC/CCSD_PT energy (direct obs): 8.214452 +/- 0.000260
# total run time: 26.36
