number of k-points: 81


******** <class 'pyscf.scf.hf.RHF'> ********
method = RHF
initial guess = 1e
damping factor = 0
level_shift factor = 0
DIIS = <class 'pyscf.scf.diis.CDIIS'>
diis_start_cycle = 1
diis_space = 8
diis_damp = 0
SCF conv_tol = 1e-09
SCF conv_tol_grad = None
SCF max_cycles = -1
direct_scf = True
direct_scf_tol = 1e-13
chkfile to save SCF result = /tmp/tmpmib7qc2r
max_memory 4000 MB (current use 738 MB)
Set gradient conv threshold to 3.16228e-05
Initial guess from hcore.
  HOMO = 1.86052154041512  LUMO = 2.32565192551891
init E= 40.7630419205324
  HOMO = 1.49467849772248  LUMO = 1.95423926066296
SCF not converged.
SCF energy = 40.7630419205324
escf: 40.76304192053243
escf per electron: 0.6176218472807944

******** <class 'pyscf.cc.ccsd.CCSD'> ********
CC2 = 0
CCSD nocc = 33, nmo = 81
max_cycle = 100
direct = 0
conv_tol = 1e-07
conv_tol_normt = 1e-05
diis_space = 6
diis_start_cycle = 0
diis_start_energy_diff = 1e+09
max_memory 4000 MB (current use 1103 MB)
Init t2, MP2 energy = 38.2564263394515  E_corr(MP2) -2.50661558108094
Init E_corr(CCSD) = -2.50661558108135
cycle = 1  E_corr(CCSD) = -0.629056880658974  dE = 1.8775587  norm(t1,t2) = 0.643502
cycle = 2  E_corr(CCSD) = -2.43615188601513  dE = -1.80709501  norm(t1,t2) = 0.723848
cycle = 3  E_corr(CCSD) = -1.54583958246689  dE = 0.890312304  norm(t1,t2) = 0.811213
cycle = 4  E_corr(CCSD) = -1.51640924357451  dE = 0.0294303389  norm(t1,t2) = 0.0180463
cycle = 5  E_corr(CCSD) = -1.5102879245143  dE = 0.00612131906  norm(t1,t2) = 0.0045673
cycle = 6  E_corr(CCSD) = -1.50992008637639  dE = 0.000367838138  norm(t1,t2) = 0.000525793
cycle = 7  E_corr(CCSD) = -1.51006990125184  dE = -0.000149814875  norm(t1,t2) = 0.000106246
cycle = 8  E_corr(CCSD) = -1.51006989996257  dE = 1.28927757e-09  norm(t1,t2) = 6.07473e-06
CCSD converged
E(CCSD) = 39.25297202056986  E_corr = -1.510069899962565
CCSD energy 39.252972020569864
CCSD Corr per electron -0.02287984696912978
CCSD energy per electron 0.5947420003116646
# Calculating Cholesky integrals
# Finished calculating Cholesky integrals#
# Size of the correlation space:
# Number of electrons: (33, 33)
# Number of basis functions: 81
# Number of Cholesky vectors: 484
# Hostname: sharmagroup-rn
# System Type: Linux
# Machine Type: x86_64
# Processor: x86_64
# Using GPU.
# System: Linux
# Node Name: sharmagroup-rn
# Release: 6.14.0-37-generic
# Version: #37~24.04.1-Ubuntu SMP PREEMPT_DYNAMIC Thu Nov 20 10:25:38 UTC 2
# Machine: x86_64
# Processor: x86_64
# running AFQMC on GPU
# AFQMC script: /home/sharmagroup/sharmagroup/cs_afqmc/ad_afqmc/prop_unrestricted/run_afqmc_ccsd_pt.py
# Hostname: sharmagroup-rn
# System Type: Linux
# Machine Type: x86_64
# Processor: x86_64
# Using GPU.
# System: Linux
# Node Name: sharmagroup-rn
# Release: 6.14.0-37-generic
# Version: #37~24.04.1-Ubuntu SMP PREEMPT_DYNAMIC Thu Nov 20 10:25:38 UTC 2
# Machine: x86_64
# Processor: x86_64
# Hostname: sharmagroup-rn
# System Type: Linux
# Machine Type: x86_64
# Processor: x86_64
# Using GPU.
# System: Linux
# Node Name: sharmagroup-rn
# Release: 6.14.0-37-generic
# Version: #37~24.04.1-Ubuntu SMP PREEMPT_DYNAMIC Thu Nov 20 10:25:38 UTC 2
# Machine: x86_64
# Processor: x86_64
# Number of MPI ranks: 1
#
# norb: 81
# nelec: (33, 33)
#
# n_eql: 3
# n_prop_steps: 50
# n_ene_blocks: 2
# n_sr_blocks: 5
# n_blocks: 40
# n_walkers: 200
# seed: 2
# walker_type: rhf
# trial: ccsd_pt
# dt: 0.005
# free_projection: False
# use_gpu: True
# n_exp_terms: 6
# orbital_rotation: True
# do_sr: True
# symmetry: False
# save_walkers: False
# ene0: 0.0
# n_batch: 1
# LNO: False
# orbE: 0
# maxError: 0.001
#
# Propagating with 200 walkers
# Equilibration sweeps:
#   Iter 	 <t> 	 	 <e0> 	 	 <e1> 	 	   energy 	 Walltime
      0 	 0.000000 	 40.763042 	 -0.350381 	   40.412661 	 22.52
