number of k-points: 19


******** <class 'pyscf.scf.hf.RHF'> ********
method = RHF
initial guess = 1e
damping factor = 0
level_shift factor = 0
DIIS = <class 'pyscf.scf.diis.CDIIS'>
diis_start_cycle = 1
diis_space = 8
diis_damp = 0
SCF conv_tol = 1e-09
SCF conv_tol_grad = None
SCF max_cycles = -1
direct_scf = True
direct_scf_tol = 1e-13
chkfile to save SCF result = /tmp/tmp67kc_2ga
max_memory 4000 MB (current use 737 MB)
Set gradient conv threshold to 3.16228e-05
Initial guess from hcore.
  HOMO = 1.30773167904674  LUMO = 2.61546335809347
init E= 8.49148146743777
  HOMO = 1.04145818327265  LUMO = 2.32324526529525
SCF not converged.
SCF energy = 8.49148146743777
escf: 8.491481467437769
escf per electron: 0.6065343905312692

******** <class 'pyscf.cc.ccsd.CCSD'> ********
CC2 = 0
CCSD nocc = 7, nmo = 19
max_cycle = 100
direct = 0
conv_tol = 1e-07
conv_tol_normt = 1e-05
diis_space = 6
diis_start_cycle = 0
diis_start_energy_diff = 1e+09
max_memory 4000 MB (current use 746 MB)
Init t2, MP2 energy = 8.11699308199585  E_corr(MP2) -0.374488385441918
Init E_corr(CCSD) = -0.374488385441918
cycle = 1  E_corr(CCSD) = -0.233706628303708  dE = 0.140781757  norm(t1,t2) = 0.0901076
cycle = 2  E_corr(CCSD) = -0.294796808642051  dE = -0.0610901803  norm(t1,t2) = 0.0390142
cycle = 3  E_corr(CCSD) = -0.276436461619712  dE = 0.018360347  norm(t1,t2) = 0.0166986
cycle = 4  E_corr(CCSD) = -0.276492710722161  dE = -5.62491024e-05  norm(t1,t2) = 7.13585e-05
cycle = 5  E_corr(CCSD) = -0.276499060608665  dE = -6.3498865e-06  norm(t1,t2) = 7.17236e-06
cycle = 6  E_corr(CCSD) = -0.276499450074813  dE = -3.89466148e-07  norm(t1,t2) = 3.75654e-07
cycle = 7  E_corr(CCSD) = -0.276499419547861  dE = 3.05269514e-08  norm(t1,t2) = 6.18114e-08
CCSD converged
E(CCSD) = 8.214982047889908  E_corr = -0.2764994195478613
CCSD energy 8.214982047889908
CCSD Corr per electron -0.019749958539132948
CCSD energy per electron 0.5867844319921363
# Calculating Cholesky integrals
# Finished calculating Cholesky integrals#
# Size of the correlation space:
# Number of electrons: (7, 7)
# Number of basis functions: 19
# Number of Cholesky vectors: 92
# Hostname: sharmagroup-rn
# System Type: Linux
# Machine Type: x86_64
# Processor: x86_64
# Using GPU.
# System: Linux
# Node Name: sharmagroup-rn
# Release: 6.14.0-37-generic
# Version: #37~24.04.1-Ubuntu SMP PREEMPT_DYNAMIC Thu Nov 20 10:25:38 UTC 2
# Machine: x86_64
# Processor: x86_64
# running AFQMC on GPU
# AFQMC script: /home/sharmagroup/sharmagroup/cs_afqmc/ad_afqmc/prop_unrestricted/run_afqmc_ccsd_pt.py
# Hostname: sharmagroup-rn
# System Type: Linux
# Machine Type: x86_64
# Processor: x86_64
# Using GPU.
# System: Linux
# Node Name: sharmagroup-rn
# Release: 6.14.0-37-generic
# Version: #37~24.04.1-Ubuntu SMP PREEMPT_DYNAMIC Thu Nov 20 10:25:38 UTC 2
# Machine: x86_64
# Processor: x86_64
# Hostname: sharmagroup-rn
# System Type: Linux
# Machine Type: x86_64
# Processor: x86_64
# Using GPU.
# System: Linux
# Node Name: sharmagroup-rn
# Release: 6.14.0-37-generic
# Version: #37~24.04.1-Ubuntu SMP PREEMPT_DYNAMIC Thu Nov 20 10:25:38 UTC 2
# Machine: x86_64
# Processor: x86_64
# Number of MPI ranks: 1
#
# norb: 19
# nelec: (7, 7)
#
# n_eql: 3
# n_prop_steps: 50
# n_ene_blocks: 1
# n_sr_blocks: 5
# n_blocks: 10
# n_walkers: 200
# seed: 2
# walker_type: rhf
# trial: ccsd_pt
# dt: 0.005
# free_projection: False
# use_gpu: True
# n_exp_terms: 6
# orbital_rotation: True
# do_sr: True
# symmetry: False
# save_walkers: False
# ene0: 0.0
# n_batch: 1
# LNO: False
# orbE: 0
# maxError: 0.001
#
# Propagating with 200 walkers
# Equilibration sweeps:
#   Iter 	 <t> 	 	 <e0> 	 	 <e1> 	 	   energy 	 Walltime
      0 	 0.000000 	 8.491481 	 -0.276499 	   8.214982 	 2.37
      1 	 0.078900 	  8.219235 	 1.045711 	   8.213102 	 10.63
      2 	 0.080292 	  8.214546 	 1.068534 	   8.213061 	 18.52
      3 	 0.080608 	  8.213263 	 1.074013 	   8.213144 	 24.54
#
# Sampling sweeps:
#  Iter 	    energy 	 error 	 	 Walltime
     1 	 	  8.213004 	 0.000133 	  27.62
     2 	 	  8.213044 	 0.000087 	  28.30
     3 	 	  8.213004 	 0.000074 	  28.96
     4 	 	  8.213203 	 0.000207 	  29.63
     5 	 	  8.213289 	 0.000191 	  30.30
     6 	 	  8.213270 	 0.000163 	  30.97
     7 	 	  8.213319 	 0.000149 	  31.64
     8 	 	  8.213368 	 0.000141 	  32.32
     9 	 	  8.213412 	 0.000133 	  32.99
# Number of outliers in post: 0 
# Final Results:
# <e0> = <ehf> in PT theory
# h0 = -5.11207587
# <t> = 0.080756 +/- 0.000154
# <e0> = 8.212649 +/- 0.000403
# <e1> = 1.076810 +/- 0.002524
# AFQMC/CCSD_PT energy (covariance): 8.213412 +/- 0.000133
# remove outliers in direct sampling:  0
# AFQMC/CCSD_PT energy (direct obs): 8.213420 +/- 0.000132
# total run time: 32.99
