number of k-points: 81


******** <class 'pyscf.scf.hf.RHF'> ********
method = RHF
initial guess = 1e
damping factor = 0
level_shift factor = 0
DIIS = <class 'pyscf.scf.diis.CDIIS'>
diis_start_cycle = 1
diis_space = 8
diis_damp = 0
SCF conv_tol = 1e-09
SCF conv_tol_grad = None
SCF max_cycles = -1
direct_scf = True
direct_scf_tol = 1e-13
chkfile to save SCF result = /tmp/tmpz545hmp3
max_memory 4000 MB (current use 739 MB)
Set gradient conv threshold to 3.16228e-05
init E= 30.7392175125318
  HOMO = 1.17327305639303  LUMO = 1.76507494680552
SCF not converged.
SCF energy = 30.7392175125318
escf: 30.739217512531816
escf per electron: 0.5692447687505892

******** <class 'pyscf.cc.ccsd.CCSD'> ********
CC2 = 0
CCSD nocc = 27, nmo = 81
max_cycle = 100
direct = 0
conv_tol = 1e-07
conv_tol_normt = 1e-05
diis_space = 6
diis_start_cycle = 0
diis_start_energy_diff = 1e+09
max_memory 4000 MB (current use 1102 MB)
Init t2, MP2 energy = 29.2510108157327  E_corr(MP2) -1.48820669679913
Init E_corr(CCSD) = -1.48820669679938
cycle = 1  E_corr(CCSD) = -1.05117256993611  dE = 0.437034127  norm(t1,t2) = 0.119058
cycle = 2  E_corr(CCSD) = -1.20830222419265  dE = -0.157129654  norm(t1,t2) = 0.0461459
cycle = 3  E_corr(CCSD) = -1.16691761884999  dE = 0.0413846053  norm(t1,t2) = 0.0179
cycle = 4  E_corr(CCSD) = -1.16641488309699  dE = 0.000502735753  norm(t1,t2) = 0.000522859
cycle = 5  E_corr(CCSD) = -1.16644606217792  dE = -3.11790809e-05  norm(t1,t2) = 2.97216e-05
cycle = 6  E_corr(CCSD) = -1.16644813109926  dE = -2.06892134e-06  norm(t1,t2) = 5.4449e-06
cycle = 7  E_corr(CCSD) = -1.16644847371646  dE = -3.42617191e-07  norm(t1,t2) = 3.72474e-07
cycle = 8  E_corr(CCSD) = -1.16644846026927  dE = 1.34471889e-08  norm(t1,t2) = 3.63825e-08
CCSD converged
E(CCSD) = 29.57276905226255  E_corr = -1.166448460269267
CCSD energy 29.57276905226255
CCSD Corr per electron -0.021600897412393832
CCSD energy per electron 0.5476438713381954
# Calculating Cholesky integrals
# Finished calculating Cholesky integrals#
# Size of the correlation space:
# Number of electrons: (27, 27)
# Number of basis functions: 81
# Number of Cholesky vectors: 484
# Hostname: sharmagroup-rn
# System Type: Linux
# Machine Type: x86_64
# Processor: x86_64
# Using GPU.
# System: Linux
# Node Name: sharmagroup-rn
# Release: 6.14.0-37-generic
# Version: #37~24.04.1-Ubuntu SMP PREEMPT_DYNAMIC Thu Nov 20 10:25:38 UTC 2
# Machine: x86_64
# Processor: x86_64
# running AFQMC on GPU
# AFQMC script: /home/sharmagroup/sharmagroup/cs_afqmc/ad_afqmc/prop_unrestricted/run_afqmc_ccsd_pt.py
# Hostname: sharmagroup-rn
# System Type: Linux
# Machine Type: x86_64
# Processor: x86_64
# Using GPU.
# System: Linux
# Node Name: sharmagroup-rn
# Release: 6.14.0-37-generic
# Version: #37~24.04.1-Ubuntu SMP PREEMPT_DYNAMIC Thu Nov 20 10:25:38 UTC 2
# Machine: x86_64
# Processor: x86_64
# Hostname: sharmagroup-rn
# System Type: Linux
# Machine Type: x86_64
# Processor: x86_64
# Using GPU.
# System: Linux
# Node Name: sharmagroup-rn
# Release: 6.14.0-37-generic
# Version: #37~24.04.1-Ubuntu SMP PREEMPT_DYNAMIC Thu Nov 20 10:25:38 UTC 2
# Machine: x86_64
# Processor: x86_64
# Number of MPI ranks: 1
#
# norb: 81
# nelec: (27, 27)
#
# n_eql: 3
# n_prop_steps: 50
# n_ene_blocks: 2
# n_sr_blocks: 5
# n_blocks: 40
# n_walkers: 200
# n_batch: 1
# seed: 2
# walker_type: rhf
# trial: ccsd_pt
# dt: 0.005
# free_projection: False
# use_gpu: True
# n_exp_terms: 6
# orbital_rotation: True
# do_sr: True
# symmetry: False
# save_walkers: False
# ene0: 0.0
# LNO: False
# orbE: 0
# maxError: 0.001
#
walkers type <class 'jaxlib._jax.ArrayImpl'>
# Propagating with 200 walkers
# Equilibration sweeps:
#   Iter 	 <t> 	 	 <e0> 	 	 <e1> 	 	   energy 	 Walltime
      0 	 0.000000 	 30.739218 	 -1.166448 	   29.572769 	 19.84
      1 	 0.280392 	  29.561829 	 11.802153 	   29.549689 	 857.98
