number of k-points: 57


******** <class 'pyscf.scf.hf.RHF'> ********
method = RHF
initial guess = 1e
damping factor = 0
level_shift factor = 0
DIIS = <class 'pyscf.scf.diis.CDIIS'>
diis_start_cycle = 1
diis_space = 8
diis_damp = 0
SCF conv_tol = 1e-09
SCF conv_tol_grad = None
SCF max_cycles = -1
direct_scf = True
direct_scf_tol = 1e-13
chkfile to save SCF result = /tmp/tmp3tavnb66
max_memory 4000 MB (current use 733 MB)
Set gradient conv threshold to 3.16228e-05
Initial guess from hcore.
  HOMO = 1.34414132280152  LUMO = 2.01621198420228
init E= 21.5316318141818
  HOMO = 0.941321054399579  LUMO = 1.61290226225429
SCF not converged.
SCF energy = 21.5316318141818
escf: 21.53163181418185
escf per electron: 0.5666218898468908

******** <class 'pyscf.cc.ccsd.CCSD'> ********
CC2 = 0
CCSD nocc = 19, nmo = 57
max_cycle = 100
direct = 0
conv_tol = 1e-07
conv_tol_normt = 1e-05
diis_space = 6
diis_start_cycle = 0
diis_start_energy_diff = 1e+09
max_memory 4000 MB (current use 845 MB)
Init t2, MP2 energy = 20.1921687752856  E_corr(MP2) -1.33946303889623
Init E_corr(CCSD) = -1.3394630388962
cycle = 1  E_corr(CCSD) = -0.531543139511453  dE = 0.807919899  norm(t1,t2) = 0.333065
cycle = 2  E_corr(CCSD) = -1.13533812492762  dE = -0.603794985  norm(t1,t2) = 0.275073
cycle = 3  E_corr(CCSD) = -0.87373097642542  dE = 0.261607149  norm(t1,t2) = 0.222747
cycle = 4  E_corr(CCSD) = -0.871489065014409  dE = 0.00224191141  norm(t1,t2) = 0.00229616
cycle = 5  E_corr(CCSD) = -0.871766475800845  dE = -0.000277410786  norm(t1,t2) = 0.000744181
cycle = 6  E_corr(CCSD) = -0.87176383602862  dE = 2.63977222e-06  norm(t1,t2) = 2.078e-05
cycle = 7  E_corr(CCSD) = -0.871763970028953  dE = -1.34000332e-07  norm(t1,t2) = 8.8487e-06
cycle = 8  E_corr(CCSD) = -0.871764100120023  dE = -1.30091071e-07  norm(t1,t2) = 7.75324e-07
cycle = 9  E_corr(CCSD) = -0.871764141949427  dE = -4.18294041e-08  norm(t1,t2) = 3.2888e-08
CCSD converged
E(CCSD) = 20.65986767223242  E_corr = -0.8717641419494274
CCSD energy 20.659867672232423
CCSD Corr per electron -0.02294116163024809
CCSD energy per electron 0.5436807282166427
# Calculating Cholesky integrals
# Finished calculating Cholesky integrals#
# Size of the correlation space:
# Number of electrons: (19, 19)
# Number of basis functions: 57
# Number of Cholesky vectors: 340
# Hostname: sharmagroup-rn
# System Type: Linux
# Machine Type: x86_64
# Processor: x86_64
# Using GPU.
# System: Linux
# Node Name: sharmagroup-rn
# Release: 6.14.0-37-generic
# Version: #37~24.04.1-Ubuntu SMP PREEMPT_DYNAMIC Thu Nov 20 10:25:38 UTC 2
# Machine: x86_64
# Processor: x86_64
# running AFQMC on GPU
# AFQMC script: /home/sharmagroup/sharmagroup/cs_afqmc/ad_afqmc/prop_unrestricted/run_afqmc_ccsd_pt.py
# Hostname: sharmagroup-rn
# System Type: Linux
# Machine Type: x86_64
# Processor: x86_64
# Using GPU.
# System: Linux
# Node Name: sharmagroup-rn
# Release: 6.14.0-37-generic
# Version: #37~24.04.1-Ubuntu SMP PREEMPT_DYNAMIC Thu Nov 20 10:25:38 UTC 2
# Machine: x86_64
# Processor: x86_64
# Hostname: sharmagroup-rn
# System Type: Linux
# Machine Type: x86_64
# Processor: x86_64
# Using GPU.
# System: Linux
# Node Name: sharmagroup-rn
# Release: 6.14.0-37-generic
# Version: #37~24.04.1-Ubuntu SMP PREEMPT_DYNAMIC Thu Nov 20 10:25:38 UTC 2
# Machine: x86_64
# Processor: x86_64
# Number of MPI ranks: 1
#
# norb: 57
# nelec: (19, 19)
#
# n_eql: 3
# n_prop_steps: 50
# n_ene_blocks: 1
# n_sr_blocks: 5
# n_blocks: 10
# n_walkers: 200
# seed: 2
# walker_type: rhf
# trial: ccsd_pt
# dt: 0.005
# free_projection: False
# use_gpu: True
# n_exp_terms: 6
# orbital_rotation: True
# do_sr: True
# symmetry: False
# save_walkers: False
# ene0: 0.0
# n_batch: 1
# LNO: False
# orbE: 0
# maxError: 0.001
#
# Propagating with 200 walkers
# Equilibration sweeps:
#   Iter 	 <t> 	 	 <e0> 	 	 <e1> 	 	   energy 	 Walltime
      0 	 0.000000 	 21.531632 	 -0.871764 	   20.659868 	 6.01
      1 	 0.222492 	  20.646437 	 6.800451 	   20.640045 	 173.46
      2 	 0.225524 	  20.637248 	 6.901154 	   20.640866 	 341.17
      3 	 0.221714 	  20.650735 	 6.776002 	   20.642756 	 507.05
#
# Sampling sweeps:
#  Iter 	    energy 	 error 	 	 Walltime
     1 	 	  20.638145 	 0.000863 	  542.41
     2 	 	  20.639839 	 0.001800 	  559.10
     3 	 	  20.641083 	 0.001772 	  575.79
     4 	 	  20.641421 	 0.001412 	  592.48
     5 	 	  20.642531 	 0.001609 	  609.10
     6 	 	  20.642382 	 0.001377 	  625.71
     7 	 	  20.642444 	 0.001196 	  642.32
     8 	 	  20.641822 	 0.001224 	  658.93
     9 	 	  20.641082 	 0.001320 	  675.53
# Number of outliers in post: 0 
# Final Results:
# <e0> = <ehf> in PT theory
# h0 = -9.94720339
# <t> = 0.223182 +/- 0.000551
# <e0> = 20.645668 +/- 0.002283
# <e1> = 6.823201 +/- 0.018329
# AFQMC/CCSD_PT energy (covariance): 20.641082 +/- 0.001320
# remove outliers in direct sampling:  0
# AFQMC/CCSD_PT energy (direct obs): 20.641195 +/- 0.001345
# total run time: 675.53
